[2017-11-13 23:32:01] production.ERROR: No application encryption key has been specified. {"exception":"[object] (RuntimeException(code: 0): No application encryption key has been specified. at D:\\xampp\\_webdata\\RTC\\vendor\\laravel\\framework\\src\\Illuminate\\Encryption\\EncryptionServiceProvider.php:42)
[stacktrace]
#0 D:\\xampp\\_webdata\\RTC\\vendor\\laravel\\framework\\src\\Illuminate\\Support\\helpers.php(1035): Illuminate\\Encryption\\EncryptionServiceProvider->Illuminate\\Encryption\\{closure}(NULL)
#1 D:\\xampp\\_webdata\\RTC\\vendor\\laravel\\framework\\src\\Illuminate\\Encryption\\EncryptionServiceProvider.php(46): tap(NULL, Object(Closure))
#2 D:\\xampp\\_webdata\\RTC\\vendor\\laravel\\framework\\src\\Illuminate\\Encryption\\EncryptionServiceProvider.php(24): Illuminate\\Encryption\\EncryptionServiceProvider->key(Array)
#3 D:\\xampp\\_webdata\\RTC\\vendor\\laravel\\framework\\src\\Illuminate\\Container\\Container.php(749): Illuminate\\Encryption\\EncryptionServiceProvider->Illuminate\\Encryption\\{closure}(Object(Illuminate\\Foundation\\Application), Array)
#4 D:\\xampp\\_webdata\\RTC\\vendor\\laravel\\framework\\src\\Illuminate\\Container\\Container.php(631): Illuminate\\Container\\Container->build(Object(Closure))
#5 D:\\xampp\\_webdata\\RTC\\vendor\\laravel\\framework\\src\\Illuminate\\Container\\Container.php(586): Illuminate\\Container\\Container->resolve('encrypter', Array)
#6 D:\\xampp\\_webdata\\RTC\\vendor\\laravel\\framework\\src\\Illuminate\\Foundation\\Application.php(721): Illuminate\\Container\\Container->make('encrypter', Array)
#7 D:\\xampp\\_webdata\\RTC\\vendor\\laravel\\framework\\src\\Illuminate\\Container\\Container.php(885): Illuminate\\Foundation\\Application->make('encrypter')
#8 D:\\xampp\\_webdata\\RTC\\vendor\\laravel\\framework\\src\\Illuminate\\Container\\Container.php(813): Illuminate\\Container\\Container->resolveClass(Object(ReflectionParameter))
#9 D:\\xampp\\_webdata\\RTC\\vendor\\laravel\\framework\\src\\Illuminate\\Container\\Container.php(779): Illuminate\\Container\\Container->resolveDependencies(Array)
#10 D:\\xampp\\_webdata\\RTC\\vendor\\laravel\\framework\\src\\Illuminate\\Container\\Container.php(631): Illuminate\\Container\\Container->build('App\\\\Http\\\\Middle...')
#11 D:\\xampp\\_webdata\\RTC\\vendor\\laravel\\framework\\src\\Illuminate\\Container\\Container.php(586): Illuminate\\Container\\Container->resolve('App\\\\Http\\\\Middle...', Array)
#12 D:\\xampp\\_webdata\\RTC\\vendor\\laravel\\framework\\src\\Illuminate\\Foundation\\Application.php(721): Illuminate\\Container\\Container->make('App\\\\Http\\\\Middle...', Array)
#13 D:\\xampp\\_webdata\\RTC\\vendor\\laravel\\framework\\src\\Illuminate\\Pipeline\\Pipeline.php(138): Illuminate\\Foundation\\Application->make('App\\\\Http\\\\Middle...')
#14 D:\\xampp\\_webdata\\RTC\\vendor\\laravel\\framework\\src\\Illuminate\\Routing\\Pipeline.php(53): Illuminate\\Pipeline\\Pipeline->Illuminate\\Pipeline\\{closure}(Object(Illuminate\\Http\\Request))
#15 D:\\xampp\\_webdata\\RTC\\vendor\\laravel\\framework\\src\\Illuminate\\Pipeline\\Pipeline.php(102): Illuminate\\Routing\\Pipeline->Illuminate\\Routing\\{closure}(Object(Illuminate\\Http\\Request))
#16 D:\\xampp\\_webdata\\RTC\\vendor\\laravel\\framework\\src\\Illuminate\\Routing\\Router.php(647): Illuminate\\Pipeline\\Pipeline->then(Object(Closure))
#17 D:\\xampp\\_webdata\\RTC\\vendor\\laravel\\framework\\src\\Illuminate\\Routing\\Router.php(622): Illuminate\\Routing\\Router->runRouteWithinStack(Object(Illuminate\\Routing\\Route), Object(Illuminate\\Http\\Request))
#18 D:\\xampp\\_webdata\\RTC\\vendor\\laravel\\framework\\src\\Illuminate\\Routing\\Router.php(588): Illuminate\\Routing\\Router->runRoute(Object(Illuminate\\Http\\Request), Object(Illuminate\\Routing\\Route))
#19 D:\\xampp\\_webdata\\RTC\\vendor\\laravel\\framework\\src\\Illuminate\\Routing\\Router.php(577): Illuminate\\Routing\\Router->dispatchToRoute(Object(Illuminate\\Http\\Request))
#20 D:\\xampp\\_webdata\\RTC\\vendor\\laravel\\framework\\src\\Illuminate\\Foundation\\Http\\Kernel.php(176): Illuminate\\Routing\\Router->dispatch(Object(Illuminate\\Http\\Request))
#21 D:\\xampp\\_webdata\\RTC\\vendor\\laravel\\framework\\src\\Illuminate\\Routing\\Pipeline.php(30): Illuminate\\Foundation\\Http\\Kernel->Illuminate\\Foundation\\Http\\{closure}(Object(Illuminate\\Http\\Request))
#22 D:\\xampp\\_webdata\\RTC\\vendor\\laravel\\framework\\src\\Illuminate\\Foundation\\Http\\Middleware\\TransformsRequest.php(30): Illuminate\\Routing\\Pipeline->Illuminate\\Routing\\{closure}(Object(Illuminate\\Http\\Request))
#23 D:\\xampp\\_webdata\\RTC\\vendor\\laravel\\framework\\src\\Illuminate\\Pipeline\\Pipeline.php(149): Illuminate\\Foundation\\Http\\Middleware\\TransformsRequest->handle(Object(Illuminate\\Http\\Request), Object(Closure))
#24 D:\\xampp\\_webdata\\RTC\\vendor\\laravel\\framework\\src\\Illuminate\\Routing\\Pipeline.php(53): Illuminate\\Pipeline\\Pipeline->Illuminate\\Pipeline\\{closure}(Object(Illuminate\\Http\\Request))
#25 D:\\xampp\\_webdata\\RTC\\vendor\\laravel\\framework\\src\\Illuminate\\Foundation\\Http\\Middleware\\TransformsRequest.php(30): Illuminate\\Routing\\Pipeline->Illuminate\\Routing\\{closure}(Object(Illuminate\\Http\\Request))
#26 D:\\xampp\\_webdata\\RTC\\vendor\\laravel\\framework\\src\\Illuminate\\Pipeline\\Pipeline.php(149): Illuminate\\Foundation\\Http\\Middleware\\TransformsRequest->handle(Object(Illuminate\\Http\\Request), Object(Closure))
#27 D:\\xampp\\_webdata\\RTC\\vendor\\laravel\\framework\\src\\Illuminate\\Routing\\Pipeline.php(53): Illuminate\\Pipeline\\Pipeline->Illuminate\\Pipeline\\{closure}(Object(Illuminate\\Http\\Request))
#28 D:\\xampp\\_webdata\\RTC\\vendor\\laravel\\framework\\src\\Illuminate\\Foundation\\Http\\Middleware\\ValidatePostSize.php(27): Illuminate\\Routing\\Pipeline->Illuminate\\Routing\\{closure}(Object(Illuminate\\Http\\Request))
#29 D:\\xampp\\_webdata\\RTC\\vendor\\laravel\\framework\\src\\Illuminate\\Pipeline\\Pipeline.php(149): Illuminate\\Foundation\\Http\\Middleware\\ValidatePostSize->handle(Object(Illuminate\\Http\\Request), Object(Closure))
#30 D:\\xampp\\_webdata\\RTC\\vendor\\laravel\\framework\\src\\Illuminate\\Routing\\Pipeline.php(53): Illuminate\\Pipeline\\Pipeline->Illuminate\\Pipeline\\{closure}(Object(Illuminate\\Http\\Request))
#31 D:\\xampp\\_webdata\\RTC\\vendor\\laravel\\framework\\src\\Illuminate\\Foundation\\Http\\Middleware\\CheckForMaintenanceMode.php(46): Illuminate\\Routing\\Pipeline->Illuminate\\Routing\\{closure}(Object(Illuminate\\Http\\Request))
#32 D:\\xampp\\_webdata\\RTC\\vendor\\laravel\\framework\\src\\Illuminate\\Pipeline\\Pipeline.php(149): Illuminate\\Foundation\\Http\\Middleware\\CheckForMaintenanceMode->handle(Object(Illuminate\\Http\\Request), Object(Closure))
#33 D:\\xampp\\_webdata\\RTC\\vendor\\laravel\\framework\\src\\Illuminate\\Routing\\Pipeline.php(53): Illuminate\\Pipeline\\Pipeline->Illuminate\\Pipeline\\{closure}(Object(Illuminate\\Http\\Request))
#34 D:\\xampp\\_webdata\\RTC\\vendor\\laravel\\framework\\src\\Illuminate\\Pipeline\\Pipeline.php(102): Illuminate\\Routing\\Pipeline->Illuminate\\Routing\\{closure}(Object(Illuminate\\Http\\Request))
#35 D:\\xampp\\_webdata\\RTC\\vendor\\laravel\\framework\\src\\Illuminate\\Foundation\\Http\\Kernel.php(151): Illuminate\\Pipeline\\Pipeline->then(Object(Closure))
#36 D:\\xampp\\_webdata\\RTC\\vendor\\laravel\\framework\\src\\Illuminate\\Foundation\\Http\\Kernel.php(116): Illuminate\\Foundation\\Http\\Kernel->sendRequestThroughRouter(Object(Illuminate\\Http\\Request))
#37 D:\\xampp\\_webdata\\RTC\\public\\index.php(53): Illuminate\\Foundation\\Http\\Kernel->handle(Object(Illuminate\\Http\\Request))
#38 {main}
"} 
[2017-11-13 23:32:01] production.ERROR: No application encryption key has been specified. {"exception":"[object] (RuntimeException(code: 0): No application encryption key has been specified. at D:\\xampp\\_webdata\\RTC\\vendor\\laravel\\framework\\src\\Illuminate\\Encryption\\EncryptionServiceProvider.php:42)
[stacktrace]
#0 D:\\xampp\\_webdata\\RTC\\vendor\\laravel\\framework\\src\\Illuminate\\Support\\helpers.php(1035): Illuminate\\Encryption\\EncryptionServiceProvider->Illuminate\\Encryption\\{closure}(NULL)
#1 D:\\xampp\\_webdata\\RTC\\vendor\\laravel\\framework\\src\\Illuminate\\Encryption\\EncryptionServiceProvider.php(46): tap(NULL, Object(Closure))
#2 D:\\xampp\\_webdata\\RTC\\vendor\\laravel\\framework\\src\\Illuminate\\Encryption\\EncryptionServiceProvider.php(24): Illuminate\\Encryption\\EncryptionServiceProvider->key(Array)
#3 D:\\xampp\\_webdata\\RTC\\vendor\\laravel\\framework\\src\\Illuminate\\Container\\Container.php(749): Illuminate\\Encryption\\EncryptionServiceProvider->Illuminate\\Encryption\\{closure}(Object(Illuminate\\Foundation\\Application), Array)
#4 D:\\xampp\\_webdata\\RTC\\vendor\\laravel\\framework\\src\\Illuminate\\Container\\Container.php(631): Illuminate\\Container\\Container->build(Object(Closure))
#5 D:\\xampp\\_webdata\\RTC\\vendor\\laravel\\framework\\src\\Illuminate\\Container\\Container.php(586): Illuminate\\Container\\Container->resolve('encrypter', Array)
#6 D:\\xampp\\_webdata\\RTC\\vendor\\laravel\\framework\\src\\Illuminate\\Foundation\\Application.php(721): Illuminate\\Container\\Container->make('encrypter', Array)
#7 D:\\xampp\\_webdata\\RTC\\vendor\\laravel\\framework\\src\\Illuminate\\Container\\Container.php(885): Illuminate\\Foundation\\Application->make('encrypter')
#8 D:\\xampp\\_webdata\\RTC\\vendor\\laravel\\framework\\src\\Illuminate\\Container\\Container.php(813): Illuminate\\Container\\Container->resolveClass(Object(ReflectionParameter))
#9 D:\\xampp\\_webdata\\RTC\\vendor\\laravel\\framework\\src\\Illuminate\\Container\\Container.php(779): Illuminate\\Container\\Container->resolveDependencies(Array)
#10 D:\\xampp\\_webdata\\RTC\\vendor\\laravel\\framework\\src\\Illuminate\\Container\\Container.php(631): Illuminate\\Container\\Container->build('App\\\\Http\\\\Middle...')
#11 D:\\xampp\\_webdata\\RTC\\vendor\\laravel\\framework\\src\\Illuminate\\Container\\Container.php(586): Illuminate\\Container\\Container->resolve('App\\\\Http\\\\Middle...', Array)
#12 D:\\xampp\\_webdata\\RTC\\vendor\\laravel\\framework\\src\\Illuminate\\Foundation\\Application.php(721): Illuminate\\Container\\Container->make('App\\\\Http\\\\Middle...', Array)
#13 D:\\xampp\\_webdata\\RTC\\vendor\\laravel\\framework\\src\\Illuminate\\Foundation\\Http\\Kernel.php(215): Illuminate\\Foundation\\Application->make('App\\\\Http\\\\Middle...')
#14 D:\\xampp\\_webdata\\RTC\\vendor\\laravel\\framework\\src\\Illuminate\\Foundation\\Http\\Kernel.php(189): Illuminate\\Foundation\\Http\\Kernel->terminateMiddleware(Object(Illuminate\\Http\\Request), Object(Illuminate\\Http\\JsonResponse))
#15 D:\\xampp\\_webdata\\RTC\\public\\index.php(58): Illuminate\\Foundation\\Http\\Kernel->terminate(Object(Illuminate\\Http\\Request), Object(Illuminate\\Http\\JsonResponse))
#16 {main}
"} 
